<?xml version="1.0" encoding="UTF-8"?>
<testng-results skipped="0" failed="0" ignored="0" total="1" passed="1">
  <reporter-output>
  </reporter-output>
  <suite name="Suite" duration-ms="12382" started-at="2021-10-18T02:54:48Z" finished-at="2021-10-18T02:55:01Z">
    <groups>
    </groups>
    <test name="Test" duration-ms="12382" started-at="2021-10-18T02:54:48Z" finished-at="2021-10-18T02:55:01Z">
      <class name="script.ValidLogin">
        <test-method status="PASS" signature="openApp()[pri:0, instance:script.ValidLogin@57536d79]" name="openApp" is-config="true" duration-ms="7943" started-at="2021-10-18T02:54:49Z" finished-at="2021-10-18T02:54:56Z">
          <reporter-output>
          </reporter-output>
        </test-method> <!-- openApp -->
        <test-method status="PASS" signature="testValidLogin()[pri:1, instance:script.ValidLogin@57536d79]" name="testValidLogin" duration-ms="3791" started-at="2021-10-18T02:54:56Z" finished-at="2021-10-18T02:55:00Z">
          <reporter-output>
          </reporter-output>
        </test-method> <!-- testValidLogin -->
        <test-method status="PASS" signature="closeApp()[pri:0, instance:script.ValidLogin@57536d79]" name="closeApp" is-config="true" duration-ms="626" started-at="2021-10-18T02:55:00Z" finished-at="2021-10-18T02:55:01Z">
          <reporter-output>
          </reporter-output>
        </test-method> <!-- closeApp -->
      </class> <!-- script.ValidLogin -->
    </test> <!-- Test -->
  </suite> <!-- Suite -->
</testng-results>
